<?xml version="1.0" encoding="UTF-8"?>
<!-- Generated by org.testng.reporters.JUnitXMLReporter -->
<testsuite ignored="0" hostname="LIN51016443" failures="0" tests="3" name="BaseorderTest" time="30.18" errors="0" timestamp="2024-08-13T18:17:45 IST">
  <testcase classname="RahulshettyAcademy.tests.BaseorderTest" name="Testcase" time="6.366"/>
  <testcase classname="RahulshettyAcademy.tests.BaseorderTest" name="Testcase" time="5.507"/>
  <testcase classname="RahulshettyAcademy.tests.BaseorderTest" name="OrderHistoryTest" time="0.934"/>
</testsuite> <!-- BaseorderTest -->
