<?xml version="1.0" encoding="UTF-8"?>
<!-- Generated by org.testng.reporters.JUnitXMLReporter -->
<testsuite ignored="0" hostname="LIN51016443" failures="1" tests="2" name="Test" time="20.69" errors="0" timestamp="2024-08-13T18:17:36 IST">
  <testcase classname="RahulshettyAcademy.tests.ErrorValidation" name="ErrorLoginTestcase" time="0.995">
    <failure type="java.lang.AssertionError" message="expected [Incorrect email or password.] but found [Incorrect email  password.]">
      <![CDATA[java.lang.AssertionError: expected [Incorrect email or password.] but found [Incorrect email  password.]
at RahulshettyAcademy.tests.ErrorValidation.ErrorLoginTestcase(ErrorValidation.java:31)
at java.base/java.util.ArrayList.forEach(ArrayList.java:1511)
at java.base/java.util.concurrent.FutureTask.run(FutureTask.java:264)
at java.base/java.util.concurrent.ThreadPoolExecutor.runWorker(ThreadPoolExecutor.java:1136)
at java.base/java.util.concurrent.ThreadPoolExecutor$Worker.run(ThreadPoolExecutor.java:635)
at java.base/java.lang.Thread.run(Thread.java:833)
... Removed 23 stack frames]]>
    </failure>
  </testcase> <!-- ErrorLoginTestcase -->
  <testcase classname="RahulshettyAcademy.tests.ErrorValidation" name="ErrorValidationTestcase" time="5.771"/>
</testsuite> <!-- Test -->
