<?xml version="1.0" encoding="UTF-8"?>
<!-- Generated by org.testng.reporters.JUnitXMLReporter -->
<testsuite ignored="0" hostname="LIN51016443" failures="0" tests="3" name="BaseorderTest" time="23.22" errors="0" timestamp="2024-08-15T12:01:18 IST">
  <testcase classname="RahulshettyAcademy.tests.BaseorderTest" name="Testcase" time="5.083"/>
  <testcase classname="RahulshettyAcademy.tests.BaseorderTest" name="Testcase" time="5.078"/>
  <testcase classname="RahulshettyAcademy.tests.BaseorderTest" name="OrderHistoryTest" time="0.769"/>
</testsuite> <!-- BaseorderTest -->
