<?xml version="1.0" encoding="UTF-8"?>
<testng-results ignored="0" total="2" passed="2" failed="0" skipped="0">
  <reporter-output>
  </reporter-output>
  <suite started-at="2024-08-16T09:28:39 IST" name="Surefire suite" finished-at="2024-08-16T09:29:05 IST" duration-ms="26500">
    <groups>
      <group name="cucumber">
        <method signature="AbstractTestNGCucumberTests.runScenario(io.cucumber.testng.PickleWrapper,io.cucumber.testng.FeatureWrapper)[pri:0, instance:Cucumber.TestRunner@1dde4cb2]" name="runScenario" class="io.cucumber.testng.AbstractTestNGCucumberTests"/>
      </group> <!-- cucumber -->
    </groups>
    <test started-at="2024-08-16T09:28:39 IST" name="Surefire test" finished-at="2024-08-16T09:29:05 IST" duration-ms="26500">
      <class name="Cucumber.TestRunner">
        <test-method is-config="true" signature="setUpClass(org.testng.ITestContext)[pri:0, instance:Cucumber.TestRunner@1dde4cb2]" started-at="2024-08-16T09:28:39 IST" name="setUpClass" finished-at="2024-08-16T09:28:40 IST" duration-ms="642" status="PASS">
          <params>
            <param index="0">
              <value>
                <![CDATA[org.testng.TestRunner@7b81616b]]>
              </value>
            </param>
          </params>
          <reporter-output>
          </reporter-output>
        </test-method> <!-- setUpClass -->
        <test-method signature="runScenario(io.cucumber.testng.PickleWrapper,io.cucumber.testng.FeatureWrapper)[pri:0, instance:Cucumber.TestRunner@1dde4cb2]" started-at="2024-08-16T09:28:40 IST" name="runScenario" description="Runs Cucumber Scenarios" data-provider="scenarios" finished-at="2024-08-16T09:28:50 IST" duration-ms="10784" status="PASS">
          <params>
            <param index="0">
              <value>
                <![CDATA["Checking the Positive Scenario"]]>
              </value>
            </param>
            <param index="1">
              <value>
                <![CDATA["Purchase the Order in Ecommerce Website"]]>
              </value>
            </param>
          </params>
          <reporter-output>
          </reporter-output>
        </test-method> <!-- runScenario -->
        <test-method signature="runScenario(io.cucumber.testng.PickleWrapper,io.cucumber.testng.FeatureWrapper)[pri:0, instance:Cucumber.TestRunner@1dde4cb2]" started-at="2024-08-16T09:28:50 IST" name="runScenario" description="Runs Cucumber Scenarios" data-provider="scenarios" finished-at="2024-08-16T09:29:05 IST" duration-ms="14972" status="PASS">
          <params>
            <param index="0">
              <value>
                <![CDATA["Checking the Positive Scenario"]]>
              </value>
            </param>
            <param index="1">
              <value>
                <![CDATA["Purchase the Order in Ecommerce Website"]]>
              </value>
            </param>
          </params>
          <reporter-output>
          </reporter-output>
        </test-method> <!-- runScenario -->
        <test-method is-config="true" signature="tearDownClass()[pri:0, instance:Cucumber.TestRunner@1dde4cb2]" started-at="2024-08-16T09:29:05 IST" name="tearDownClass" finished-at="2024-08-16T09:29:05 IST" duration-ms="46" status="PASS">
          <reporter-output>
          </reporter-output>
        </test-method> <!-- tearDownClass -->
      </class> <!-- Cucumber.TestRunner -->
    </test> <!-- Surefire test -->
  </suite> <!-- Surefire suite -->
</testng-results>
